
**** 05/18/23 09:56:23 *********** Evaluation PSpice (Nov 1999) **************

 * E:\Prctica_3\Fuente_AC_RL_Vpulse.sch


 ****     CIRCUIT DESCRIPTION


******************************************************************************




* Schematics Version 9.1 - Web Update 1
* Thu May 18 09:56:19 2023



** Analysis setup **
.ac DEC 101 100 1000K
.OP 


* From [PSPICE NETLIST] section of pspiceev.ini:
.lib "nom.lib"

.INC "Fuente_AC_RL_Vpulse.net"

**** INCLUDING Fuente_AC_RL_Vpulse.net ****
* Schematics Netlist *



R_R1         $N_0002 $N_0001  1k  
V_V         $N_0002 0  
+PULSE 0V 5V 0 1n 1n 5m 10m
L_L2         0 $N_0001  100mH  

**** RESUMING Fuente_AC_RL_Vpulse.cir ****
.INC "Fuente_AC_RL_Vpulse.als"



**** INCLUDING Fuente_AC_RL_Vpulse.als ****
* Schematics Aliases *

.ALIASES
R_R1            R1(1=$N_0002 2=$N_0001 )
V_V             V(+=$N_0002 -=0 )
L_L2            L2(1=0 2=$N_0001 )
.ENDALIASES


**** RESUMING Fuente_AC_RL_Vpulse.cir ****
.probe


.END

**** 05/18/23 09:56:23 *********** Evaluation PSpice (Nov 1999) **************

 * E:\Prctica_3\Fuente_AC_RL_Vpulse.sch


 ****     SMALL SIGNAL BIAS SOLUTION       TEMPERATURE =   27.000 DEG C


******************************************************************************



 NODE   VOLTAGE     NODE   VOLTAGE     NODE   VOLTAGE     NODE   VOLTAGE


($N_0001)    0.0000                   ($N_0002)    0.0000                   




    VOLTAGE SOURCE CURRENTS
    NAME         CURRENT

    V_V          0.000E+00

    TOTAL POWER DISSIPATION   0.00E+00  WATTS


**** 05/18/23 09:56:23 *********** Evaluation PSpice (Nov 1999) **************

 * E:\Prctica_3\Fuente_AC_RL_Vpulse.sch


 ****     OPERATING POINT INFORMATION      TEMPERATURE =   27.000 DEG C


******************************************************************************




WARNING -- No AC sources -- AC Sweep ignored

          JOB CONCLUDED

          TOTAL JOB TIME             .05
